<?xml version="1.0" encoding="UTF-8"?>
<testng-results ignored="0" total="2" passed="2" failed="0" skipped="0">
  <reporter-output>
  </reporter-output>
  <suite started-at="2023-12-10T21:01:39 IST" name="Suite" finished-at="2023-12-10T21:01:59 IST" duration-ms="20860">
    <groups>
    </groups>
    <test started-at="2023-12-10T21:01:39 IST" name="Test" finished-at="2023-12-10T21:01:59 IST" duration-ms="20860">
      <class name="TestRunner.AmazonIphoneSearchFlowTest">
        <test-method is-config="true" signature="setUp()[pri:0, instance:TestRunner.AmazonIphoneSearchFlowTest@3c130745]" started-at="2023-12-10T21:01:39 IST" name="setUp" finished-at="2023-12-10T21:01:43 IST" duration-ms="3798" status="PASS">
          <reporter-output>
          </reporter-output>
        </test-method> <!-- setUp -->
        <test-method signature="searchAndAddToCart()[pri:1, instance:TestRunner.AmazonIphoneSearchFlowTest@3c130745]" started-at="2023-12-10T21:01:43 IST" name="searchAndAddToCart" finished-at="2023-12-10T21:01:49 IST" duration-ms="6384" status="PASS">
          <reporter-output>
          </reporter-output>
        </test-method> <!-- searchAndAddToCart -->
        <test-method is-config="true" signature="tearDown()[pri:0, instance:TestRunner.AmazonIphoneSearchFlowTest@3c130745]" started-at="2023-12-10T21:01:49 IST" name="tearDown" finished-at="2023-12-10T21:01:49 IST" duration-ms="326" status="PASS">
          <reporter-output>
          </reporter-output>
        </test-method> <!-- tearDown -->
      </class> <!-- TestRunner.AmazonIphoneSearchFlowTest -->
      <class name="TestRunner.AmazonFilterByPhoneTest">
        <test-method is-config="true" signature="setUp()[pri:0, instance:TestRunner.AmazonFilterByPhoneTest@72f926e6]" started-at="2023-12-10T21:01:49 IST" name="setUp" finished-at="2023-12-10T21:01:52 IST" duration-ms="2923" status="PASS">
          <reporter-output>
          </reporter-output>
        </test-method> <!-- setUp -->
        <test-method signature="searchPhoneByFilter()[pri:1, instance:TestRunner.AmazonFilterByPhoneTest@72f926e6]" started-at="2023-12-10T21:01:52 IST" name="searchPhoneByFilter" finished-at="2023-12-10T21:01:59 IST" duration-ms="6953" status="PASS">
          <reporter-output>
          </reporter-output>
        </test-method> <!-- searchPhoneByFilter -->
        <test-method is-config="true" signature="tearDown()[pri:0, instance:TestRunner.AmazonFilterByPhoneTest@72f926e6]" started-at="2023-12-10T21:01:59 IST" name="tearDown" finished-at="2023-12-10T21:01:59 IST" duration-ms="285" status="PASS">
          <reporter-output>
          </reporter-output>
        </test-method> <!-- tearDown -->
      </class> <!-- TestRunner.AmazonFilterByPhoneTest -->
    </test> <!-- Test -->
  </suite> <!-- Suite -->
</testng-results>
